[2026-07-19 23:06:01,509] [INFO] [MangaBible]: Manga Bible boot sequence initializing...
[2026-07-19 23:08:54,370] [INFO] [MangaBible]: Manga Bible boot sequence initializing...
[2026-07-19 23:21:55,091] [INFO] [MangaBible]: Initializing system log configuration...
[2026-07-19 23:21:55,093] [INFO] [MangaBible]: Project root directory resolved to: C:\Development\manga-bible
[2026-07-19 23:21:55,093] [INFO] [MangaBible]: Application bootstrap complete.
[2026-07-19 23:21:55,094] [INFO] [MangaBible]: Launching Project Hub visual interface...
[2026-07-19 23:28:25,632] [INFO] [MangaBible]: Initializing system log configuration...
[2026-07-19 23:28:25,633] [INFO] [MangaBible]: Project root directory resolved to: C:\Development\manga-bible
[2026-07-19 23:28:25,635] [INFO] [MangaBible]: Application bootstrap complete.
[2026-07-19 23:28:25,635] [INFO] [MangaBible]: Launching Project Hub visual interface...
[2026-07-20 22:44:28,585] [INFO] [MangaBible]: Initializing system log configuration...
[2026-07-20 22:44:28,587] [INFO] [MangaBible]: Project root directory resolved to: C:\Development\manga-bible
[2026-07-20 22:44:28,587] [INFO] [MangaBible]: Application bootstrap complete.
[2026-07-20 22:44:28,588] [INFO] [MangaBible]: Launching Project Hub visual interface...
[2026-07-20 22:52:23,021] [INFO] [MangaBible]: Initializing system log configuration...
[2026-07-20 22:52:23,022] [INFO] [MangaBible]: Project root directory resolved to: C:\Development\manga-bible
[2026-07-20 22:52:23,023] [INFO] [MangaBible]: Application bootstrap complete.
[2026-07-20 22:52:23,023] [INFO] [MangaBible]: Launching Project Hub visual interface...
[2026-07-20 22:55:02,537] [INFO] [MangaBible]: Initializing system log configuration...
[2026-07-20 22:55:02,539] [INFO] [MangaBible]: Project root directory resolved to: C:\Development\manga-bible
[2026-07-20 22:55:02,539] [INFO] [MangaBible]: Application bootstrap complete.
[2026-07-20 22:55:02,539] [INFO] [MangaBible]: Launching Project Hub visual interface...
[2026-07-20 22:56:57,455] [INFO] [MangaBible]: Initializing system log configuration...
[2026-07-20 22:56:57,457] [INFO] [MangaBible]: Project root directory resolved to: C:\Development\manga-bible
[2026-07-20 22:56:57,458] [INFO] [MangaBible]: Application bootstrap complete.
[2026-07-20 22:56:57,459] [INFO] [MangaBible]: Launching Project Hub visual interface...
[2026-07-20 22:58:10,179] [INFO] [MangaBible]: Initializing system log configuration...
[2026-07-20 22:58:10,180] [INFO] [MangaBible]: Project root directory resolved to: C:\Development\manga-bible
[2026-07-20 22:58:10,181] [INFO] [MangaBible]: Application bootstrap complete.
[2026-07-20 22:58:10,182] [INFO] [MangaBible]: Launching Project Hub visual interface...
[2026-07-20 22:59:52,966] [INFO] [MangaBible]: Initializing system log configuration...
[2026-07-20 22:59:52,967] [INFO] [MangaBible]: Project root directory resolved to: C:\Development\manga-bible
[2026-07-20 22:59:52,967] [INFO] [MangaBible]: Application bootstrap complete.
[2026-07-20 22:59:52,967] [INFO] [MangaBible]: Launching Project Hub visual interface...
